Build started 05/06/2011 06:03:32 a.m..
     1>Project "c:\Users\Diego\documents\visual studio 2010\Projects\195\195\195.vcxproj" on node 2 (build target(s)).
     1>InitializeBuildStatus:
         Creating "Debug\195.unsuccessfulbuild" because "AlwaysCreate" was specified.
       ClCompile:
         C:\Program Files (x86)\Microsoft Visual Studio 10.0\VC\bin\CL.exe /c /ZI /nologo /W3 /WX- /Od /Oy- /D WIN32 /D _DEBUG /D _CONSOLE /D _UNICODE /D UNICODE /Gm /EHsc /RTC1 /MDd /GS /fp:precise /Zc:wchar_t /Zc:forScope /Fo"Debug\\" /Fd"Debug\vc100.pdb" /Gd /TP /analyze- /errorReport:prompt main.cpp
         main.cpp
     1>c:\users\diego\documents\visual studio 2010\projects\195\195\main.cpp(15): warning C4018: '<' : signed/unsigned mismatch
     1>c:\users\diego\documents\visual studio 2010\projects\195\195\main.cpp(28): warning C4018: '<' : signed/unsigned mismatch
     1>c:\users\diego\documents\visual studio 2010\projects\195\195\main.cpp(41): warning C4996: 'scanf': This function or variable may be unsafe. Consider using scanf_s instead. To disable deprecation, use _CRT_SECURE_NO_WARNINGS. See online help for details.
                 c:\program files (x86)\microsoft visual studio 10.0\vc\include\stdio.h(304) : see declaration of 'scanf'
       ManifestResourceCompile:
         All outputs are up-to-date.
       Link:
         C:\Program Files (x86)\Microsoft Visual Studio 10.0\VC\bin\link.exe /ERRORREPORT:PROMPT /OUT:"c:\users\diego\documents\visual studio 2010\Projects\195\Debug\195.exe" /INCREMENTAL /NOLOGO kernel32.lib user32.lib gdi32.lib winspool.lib comdlg32.lib advapi32.lib shell32.lib ole32.lib oleaut32.lib uuid.lib odbc32.lib odbccp32.lib /MANIFEST /ManifestFile:"Debug\195.exe.intermediate.manifest" /MANIFESTUAC:"level='asInvoker' uiAccess='false'" /DEBUG /PDB:"c:\users\diego\documents\visual studio 2010\Projects\195\Debug\195.pdb" /SUBSYSTEM:CONSOLE /TLBID:1 /DYNAMICBASE /NXCOMPAT /IMPLIB:"c:\users\diego\documents\visual studio 2010\Projects\195\Debug\195.lib" /MACHINE:X86 Debug\195.exe.embed.manifest.res
         Debug\main.obj
       Manifest:
         C:\Program Files (x86)\Microsoft SDKs\Windows\v7.0A\bin\mt.exe /nologo /verbose /out:"Debug\195.exe.embed.manifest" /manifest Debug\195.exe.intermediate.manifest
         All outputs are up-to-date.
       LinkEmbedManifest:
         All outputs are up-to-date.
         195.vcxproj -> c:\users\diego\documents\visual studio 2010\Projects\195\Debug\195.exe
       FinalizeBuildStatus:
         Deleting file "Debug\195.unsuccessfulbuild".
         Touching "Debug\195.lastbuildstate".
     1>Done Building Project "c:\Users\Diego\documents\visual studio 2010\Projects\195\195\195.vcxproj" (build target(s)).

Build succeeded.

Time Elapsed 00:00:01.27
