Build started 30/09/2011 04:51:11 p.m..
     1>Project "c:\Users\Diego\documents\visual studio 2010\Projects\Garbage Collector\Garbage Collector\Garbage Collector.vcxproj" on node 2 (build target(s)).
     1>InitializeBuildStatus:
         Creating "Debug\Garbage Collector.unsuccessfulbuild" because "AlwaysCreate" was specified.
       ClCompile:
         c:\Program Files (x86)\Microsoft Visual Studio 10.0\VC\bin\CL.exe /c /ZI /nologo /W3 /WX- /Od /Oy- /D WIN32 /D _DEBUG /D _CONSOLE /D _UNICODE /D UNICODE /Gm /EHsc /RTC1 /MDd /GS /fp:precise /Zc:wchar_t /Zc:forScope /Fo"Debug\\" /Fd"Debug\vc100.pdb" /Gd /TP /analyze- /errorReport:prompt main.cpp
         main.cpp
       ManifestResourceCompile:
         All outputs are up-to-date.
       Link:
         c:\Program Files (x86)\Microsoft Visual Studio 10.0\VC\bin\link.exe /ERRORREPORT:PROMPT /OUT:"c:\users\diego\documents\visual studio 2010\Projects\Garbage Collector\Debug\Garbage Collector.exe" /INCREMENTAL /NOLOGO kernel32.lib user32.lib gdi32.lib winspool.lib comdlg32.lib advapi32.lib shell32.lib ole32.lib oleaut32.lib uuid.lib odbc32.lib odbccp32.lib /MANIFEST /ManifestFile:"Debug\Garbage Collector.exe.intermediate.manifest" /MANIFESTUAC:"level='asInvoker' uiAccess='false'" /DEBUG /PDB:"c:\users\diego\documents\visual studio 2010\Projects\Garbage Collector\Debug\Garbage Collector.pdb" /SUBSYSTEM:CONSOLE /TLBID:1 /DYNAMICBASE /NXCOMPAT /IMPLIB:"c:\users\diego\documents\visual studio 2010\Projects\Garbage Collector\Debug\Garbage Collector.lib" /MACHINE:X86 "Debug\Garbage Collector.exe.embed.manifest.res"
         Debug\main.obj
       Manifest:
         C:\Program Files (x86)\Microsoft SDKs\Windows\v7.0A\bin\mt.exe /nologo /verbose /out:"Debug\Garbage Collector.exe.embed.manifest" /manifest "Debug\Garbage Collector.exe.intermediate.manifest"
         All outputs are up-to-date.
       LinkEmbedManifest:
         All outputs are up-to-date.
         Garbage Collector.vcxproj -> c:\users\diego\documents\visual studio 2010\Projects\Garbage Collector\Debug\Garbage Collector.exe
       FinalizeBuildStatus:
         Deleting file "Debug\Garbage Collector.unsuccessfulbuild".
         Touching "Debug\Garbage Collector.lastbuildstate".
     1>Done Building Project "c:\Users\Diego\documents\visual studio 2010\Projects\Garbage Collector\Garbage Collector\Garbage Collector.vcxproj" (build target(s)).

Build succeeded.

Time Elapsed 00:00:01.45
