Build started 05/06/2011 06:12:50 a.m..
     1>Project "c:\Users\Diego\documents\visual studio 2010\Projects\10252\10252\10252.vcxproj" on node 2 (build target(s)).
     1>InitializeBuildStatus:
         Touching "Debug\10252.unsuccessfulbuild".
       ClCompile:
         C:\Program Files (x86)\Microsoft Visual Studio 10.0\VC\bin\CL.exe /c /ZI /nologo /W3 /WX- /Od /Oy- /D WIN32 /D _DEBUG /D _CONSOLE /D _UNICODE /D UNICODE /Gm /EHsc /RTC1 /MDd /GS /fp:precise /Zc:wchar_t /Zc:forScope /Fo"Debug\\" /Fd"Debug\vc100.pdb" /Gd /TP /analyze- /errorReport:prompt main.cpp
         main.cpp
       ManifestResourceCompile:
         All outputs are up-to-date.
       Link:
         C:\Program Files (x86)\Microsoft Visual Studio 10.0\VC\bin\link.exe /ERRORREPORT:PROMPT /OUT:"c:\users\diego\documents\visual studio 2010\Projects\10252\Debug\10252.exe" /INCREMENTAL /NOLOGO kernel32.lib user32.lib gdi32.lib winspool.lib comdlg32.lib advapi32.lib shell32.lib ole32.lib oleaut32.lib uuid.lib odbc32.lib odbccp32.lib /MANIFEST /ManifestFile:"Debug\10252.exe.intermediate.manifest" /MANIFESTUAC:"level='asInvoker' uiAccess='false'" /DEBUG /PDB:"c:\users\diego\documents\visual studio 2010\Projects\10252\Debug\10252.pdb" /SUBSYSTEM:CONSOLE /TLBID:1 /DYNAMICBASE /NXCOMPAT /IMPLIB:"c:\users\diego\documents\visual studio 2010\Projects\10252\Debug\10252.lib" /MACHINE:X86 Debug\10252.exe.embed.manifest.res
         Debug\main.obj
       Manifest:
         C:\Program Files (x86)\Microsoft SDKs\Windows\v7.0A\bin\mt.exe /nologo /verbose /out:"Debug\10252.exe.embed.manifest" /manifest Debug\10252.exe.intermediate.manifest
         All outputs are up-to-date.
       LinkEmbedManifest:
         All outputs are up-to-date.
         10252.vcxproj -> c:\users\diego\documents\visual studio 2010\Projects\10252\Debug\10252.exe
       FinalizeBuildStatus:
         Deleting file "Debug\10252.unsuccessfulbuild".
         Touching "Debug\10252.lastbuildstate".
     1>Done Building Project "c:\Users\Diego\documents\visual studio 2010\Projects\10252\10252\10252.vcxproj" (build target(s)).

Build succeeded.

Time Elapsed 00:00:00.86
