Build started 09/06/2011 06:56:15 p.m..
     1>Project "C:\Users\Diego\Documents\Visual Studio 2010\Projects\612 - DNA Sorting\612 - DNA Sorting\612 - DNA Sorting.vcxproj" on node 2 (build target(s)).
     1>InitializeBuildStatus:
         Creating "Debug\612 - DNA Sorting.unsuccessfulbuild" because "AlwaysCreate" was specified.
       ClCompile:
         C:\Program Files (x86)\Microsoft Visual Studio 10.0\VC\bin\CL.exe /c /ZI /nologo /W3 /WX- /Od /Oy- /D WIN32 /D _DEBUG /D _CONSOLE /D _UNICODE /D UNICODE /Gm /EHsc /RTC1 /MDd /GS /fp:precise /Zc:wchar_t /Zc:forScope /Fo"Debug\\" /Fd"Debug\vc100.pdb" /Gd /TP /analyze- /errorReport:prompt main.cpp
         main.cpp
     1>c:\users\diego\documents\visual studio 2010\projects\612 - dna sorting\612 - dna sorting\main.cpp(38): warning C4996: 'scanf': This function or variable may be unsafe. Consider using scanf_s instead. To disable deprecation, use _CRT_SECURE_NO_WARNINGS. See online help for details.
                 c:\program files (x86)\microsoft visual studio 10.0\vc\include\stdio.h(304) : see declaration of 'scanf'
     1>c:\users\diego\documents\visual studio 2010\projects\612 - dna sorting\612 - dna sorting\main.cpp(45): warning C4996: 'scanf': This function or variable may be unsafe. Consider using scanf_s instead. To disable deprecation, use _CRT_SECURE_NO_WARNINGS. See online help for details.
                 c:\program files (x86)\microsoft visual studio 10.0\vc\include\stdio.h(304) : see declaration of 'scanf'
       ManifestResourceCompile:
         All outputs are up-to-date.
       Link:
         C:\Program Files (x86)\Microsoft Visual Studio 10.0\VC\bin\link.exe /ERRORREPORT:PROMPT /OUT:"C:\Users\Diego\Documents\Visual Studio 2010\Projects\612 - DNA Sorting\Debug\612 - DNA Sorting.exe" /INCREMENTAL /NOLOGO kernel32.lib user32.lib gdi32.lib winspool.lib comdlg32.lib advapi32.lib shell32.lib ole32.lib oleaut32.lib uuid.lib odbc32.lib odbccp32.lib /MANIFEST /ManifestFile:"Debug\612 - DNA Sorting.exe.intermediate.manifest" /MANIFESTUAC:"level='asInvoker' uiAccess='false'" /DEBUG /PDB:"C:\Users\Diego\Documents\Visual Studio 2010\Projects\612 - DNA Sorting\Debug\612 - DNA Sorting.pdb" /SUBSYSTEM:CONSOLE /TLBID:1 /DYNAMICBASE /NXCOMPAT /IMPLIB:"C:\Users\Diego\Documents\Visual Studio 2010\Projects\612 - DNA Sorting\Debug\612 - DNA Sorting.lib" /MACHINE:X86 "Debug\612 - DNA Sorting.exe.embed.manifest.res"
         Debug\main.obj
       Manifest:
         C:\Program Files (x86)\Microsoft SDKs\Windows\v7.0A\bin\mt.exe /nologo /verbose /out:"Debug\612 - DNA Sorting.exe.embed.manifest" /manifest "Debug\612 - DNA Sorting.exe.intermediate.manifest"
         All outputs are up-to-date.
       LinkEmbedManifest:
         All outputs are up-to-date.
         612 - DNA Sorting.vcxproj -> C:\Users\Diego\Documents\Visual Studio 2010\Projects\612 - DNA Sorting\Debug\612 - DNA Sorting.exe
       FinalizeBuildStatus:
         Deleting file "Debug\612 - DNA Sorting.unsuccessfulbuild".
         Touching "Debug\612 - DNA Sorting.lastbuildstate".
     1>Done Building Project "C:\Users\Diego\Documents\Visual Studio 2010\Projects\612 - DNA Sorting\612 - DNA Sorting\612 - DNA Sorting.vcxproj" (build target(s)).

Build succeeded.

Time Elapsed 00:00:01.57
