Build started 18/06/2011 08:49:48 p.m..
     1>Project "C:\Users\Diego\Documents\Visual Studio 2010\Projects\Friends 10608\Friends 10608\Friends 10608.vcxproj" on node 2 (build target(s)).
     1>InitializeBuildStatus:
         Creating "Debug\Friends 10608.unsuccessfulbuild" because "AlwaysCreate" was specified.
       ClCompile:
         c:\Program Files (x86)\Microsoft Visual Studio 10.0\VC\bin\CL.exe /c /ZI /nologo /W3 /WX- /Od /Oy- /D WIN32 /D _DEBUG /D _CONSOLE /D _UNICODE /D UNICODE /Gm /EHsc /RTC1 /MDd /GS /fp:precise /Zc:wchar_t /Zc:forScope /Fo"Debug\\" /Fd"Debug\vc100.pdb" /Gd /TP /analyze- /errorReport:prompt main.cpp
         main.cpp
       ManifestResourceCompile:
         All outputs are up-to-date.
       Link:
         c:\Program Files (x86)\Microsoft Visual Studio 10.0\VC\bin\link.exe /ERRORREPORT:PROMPT /OUT:"C:\Users\Diego\Documents\Visual Studio 2010\Projects\Friends 10608\Debug\Friends 10608.exe" /INCREMENTAL /NOLOGO kernel32.lib user32.lib gdi32.lib winspool.lib comdlg32.lib advapi32.lib shell32.lib ole32.lib oleaut32.lib uuid.lib odbc32.lib odbccp32.lib /MANIFEST /ManifestFile:"Debug\Friends 10608.exe.intermediate.manifest" /MANIFESTUAC:"level='asInvoker' uiAccess='false'" /DEBUG /PDB:"C:\Users\Diego\Documents\Visual Studio 2010\Projects\Friends 10608\Debug\Friends 10608.pdb" /SUBSYSTEM:CONSOLE /TLBID:1 /DYNAMICBASE /NXCOMPAT /IMPLIB:"C:\Users\Diego\Documents\Visual Studio 2010\Projects\Friends 10608\Debug\Friends 10608.lib" /MACHINE:X86 "Debug\Friends 10608.exe.embed.manifest.res"
         Debug\main.obj
       Manifest:
         C:\Program Files (x86)\Microsoft SDKs\Windows\v7.0A\bin\mt.exe /nologo /verbose /out:"Debug\Friends 10608.exe.embed.manifest" /manifest "Debug\Friends 10608.exe.intermediate.manifest"
         All outputs are up-to-date.
       LinkEmbedManifest:
         All outputs are up-to-date.
         Friends 10608.vcxproj -> C:\Users\Diego\Documents\Visual Studio 2010\Projects\Friends 10608\Debug\Friends 10608.exe
       FinalizeBuildStatus:
         Deleting file "Debug\Friends 10608.unsuccessfulbuild".
         Touching "Debug\Friends 10608.lastbuildstate".
     1>Done Building Project "C:\Users\Diego\Documents\Visual Studio 2010\Projects\Friends 10608\Friends 10608\Friends 10608.vcxproj" (build target(s)).

Build succeeded.

Time Elapsed 00:00:01.46
